20:55:23:779  INFO 4508 --- [main] com.hmall.trade.TradeApplication         : Starting TradeApplication using Java 11.0.21 on LAPTOP-RSLN57U3 with PID 4508 (F:\java_web\spring\springcloud\hmall\trade-service\target\classes started by 86175 in F:\java_web\spring\springcloud\hmall)
20:55:23:780 DEBUG 4508 --- [main] com.hmall.trade.TradeApplication         : Running with Spring Boot v2.7.12, Spring v5.3.27
20:55:23:781  INFO 4508 --- [main] com.hmall.trade.TradeApplication         : The following 1 profile is active: "windows"
20:55:24:544  INFO 4508 --- [main] o.s.cloud.context.scope.GenericScope     : BeanFactory id=083f2a09-9ea1-3dd6-8ad5-a2f1fcd328f7
20:55:24:819  INFO 4508 --- [main] o.s.b.w.embedded.tomcat.TomcatWebServer  : Tomcat initialized with port(s): 8085 (http)
20:55:24:827  INFO 4508 --- [main] o.apache.catalina.core.StandardService   : Starting service [Tomcat]
20:55:24:827  INFO 4508 --- [main] org.apache.catalina.core.StandardEngine  : Starting Servlet engine: [Apache Tomcat/9.0.75]
20:55:24:947  INFO 4508 --- [main] o.a.c.c.C.[Tomcat].[localhost].[/]       : Initializing Spring embedded WebApplicationContext
20:55:24:947  INFO 4508 --- [main] w.s.c.ServletWebServerApplicationContext : Root WebApplicationContext: initialization completed in 1131 ms
20:55:25:096  INFO 4508 --- [main] o.s.c.openfeign.FeignClientFactoryBean   : For 'item-service' URL not provided. Will try picking an instance via load-balancing.
20:55:26:553  INFO 4508 --- [main] o.s.c.openfeign.FeignClientFactoryBean   : For 'cart-service' URL not provided. Will try picking an instance via load-balancing.
20:55:27:404  INFO 4508 --- [main] pertySourcedRequestMappingHandlerMapping : Mapped URL path [/v2/api-docs] onto method [springfox.documentation.swagger2.web.Swagger2ControllerWebMvc#getDocumentation(String, HttpServletRequest)]
20:55:28:058  INFO 4508 --- [main] com.alibaba.nacos.common.remote.client   : [RpcClientFactory] create a new rpc client of 12ffae6f-d182-428b-842c-454b9d811ca8
20:55:28:091  INFO 4508 --- [main] org.reflections.Reflections              : Reflections took 17 ms to scan 1 urls, producing 3 keys and 6 values 
20:55:28:111  INFO 4508 --- [main] org.reflections.Reflections              : Reflections took 7 ms to scan 1 urls, producing 4 keys and 9 values 
20:55:28:119  INFO 4508 --- [main] org.reflections.Reflections              : Reflections took 6 ms to scan 1 urls, producing 3 keys and 10 values 
20:55:28:121  WARN 4508 --- [main] org.reflections.Reflections              : given scan urls are empty. set urls in the configuration
20:55:28:127  INFO 4508 --- [main] org.reflections.Reflections              : Reflections took 5 ms to scan 1 urls, producing 1 keys and 5 values 
20:55:28:135  INFO 4508 --- [main] org.reflections.Reflections              : Reflections took 6 ms to scan 1 urls, producing 1 keys and 7 values 
20:55:28:143  INFO 4508 --- [main] org.reflections.Reflections              : Reflections took 6 ms to scan 1 urls, producing 2 keys and 8 values 
20:55:28:145  WARN 4508 --- [main] org.reflections.Reflections              : given scan urls are empty. set urls in the configuration
20:55:28:146  INFO 4508 --- [main] com.alibaba.nacos.common.remote.client   : [12ffae6f-d182-428b-842c-454b9d811ca8] RpcClient init label, labels = {module=naming, source=sdk}
20:55:28:148  INFO 4508 --- [main] com.alibaba.nacos.common.remote.client   : [12ffae6f-d182-428b-842c-454b9d811ca8] RpcClient init, ServerListFactory = com.alibaba.nacos.client.naming.core.ServerListManager
20:55:28:148  INFO 4508 --- [main] com.alibaba.nacos.common.remote.client   : [12ffae6f-d182-428b-842c-454b9d811ca8] Registry connection listener to current client:com.alibaba.nacos.client.naming.remote.gprc.redo.NamingGrpcRedoService
20:55:28:148  INFO 4508 --- [main] com.alibaba.nacos.common.remote.client   : [12ffae6f-d182-428b-842c-454b9d811ca8] Register server push request handler:com.alibaba.nacos.client.naming.remote.gprc.NamingPushRequestHandler
20:55:28:150  INFO 4508 --- [main] com.alibaba.nacos.common.remote.client   : [12ffae6f-d182-428b-842c-454b9d811ca8] Try to connect to server on start up, server: {serverIp = '127.0.0.1', server main port = 8848}
20:55:30:118  INFO 4508 --- [main] com.alibaba.nacos.common.remote.client   : [12ffae6f-d182-428b-842c-454b9d811ca8] Success to connect to server [127.0.0.1:8848] on start up, connectionId = 1715172929925_127.0.0.1_1302
20:55:30:118  INFO 4508 --- [com.alibaba.nacos.client.remote.worker] com.alibaba.nacos.common.remote.client   : [12ffae6f-d182-428b-842c-454b9d811ca8] Notify connected event to listeners.
20:55:30:119  INFO 4508 --- [main] com.alibaba.nacos.common.remote.client   : [12ffae6f-d182-428b-842c-454b9d811ca8] Register server push request handler:com.alibaba.nacos.common.remote.client.RpcClient$ConnectResetRequestHandler
20:55:30:119  INFO 4508 --- [main] com.alibaba.nacos.common.remote.client   : [12ffae6f-d182-428b-842c-454b9d811ca8] Register server push request handler:com.alibaba.nacos.common.remote.client.RpcClient$$Lambda$974/0x0000000800737040
20:55:30:161  INFO 4508 --- [main] o.s.b.w.embedded.tomcat.TomcatWebServer  : Tomcat started on port(s): 8085 (http) with context path ''
20:55:30:168  INFO 4508 --- [main] c.a.c.n.registry.NacosServiceRegistry    : nacos registry, DEFAULT_GROUP trade-service 172.32.178.116:8085 register finished
20:55:30:670  INFO 4508 --- [main] d.s.w.p.DocumentationPluginsBootstrapper : Documentation plugins bootstrapped
20:55:30:672  INFO 4508 --- [main] d.s.w.p.DocumentationPluginsBootstrapper : Found 1 custom documentation plugin(s)
20:55:30:684  INFO 4508 --- [nacos-grpc-client-executor-9] com.alibaba.nacos.common.remote.client   : [12ffae6f-d182-428b-842c-454b9d811ca8] Receive server push request, request = NotifySubscriberRequest, requestId = 28
20:55:30:687  INFO 4508 --- [nacos-grpc-client-executor-9] com.alibaba.nacos.common.remote.client   : [12ffae6f-d182-428b-842c-454b9d811ca8] Ack server push request, request = NotifySubscriberRequest, requestId = 28
20:55:30:691  INFO 4508 --- [main] s.d.s.w.s.ApiListingReferenceScanner     : Scanning for api listing references
20:55:30:755  INFO 4508 --- [main] com.hmall.trade.TradeApplication         : Started TradeApplication in 8.01 seconds (JVM running for 9.065)
23:20:22:323  WARN 4508 --- [Thread-7] c.a.n.common.http.HttpClientBeanHolder   : [HttpClientBeanHolder] Start destroying common HttpClient
23:20:22:323  WARN 4508 --- [Thread-4] c.a.nacos.common.notify.NotifyCenter     : [NotifyCenter] Start destroying Publisher
23:20:22:324  WARN 4508 --- [Thread-4] c.a.nacos.common.notify.NotifyCenter     : [NotifyCenter] Destruction of the end
23:20:22:324  WARN 4508 --- [Thread-7] c.a.n.common.http.HttpClientBeanHolder   : [HttpClientBeanHolder] Destruction of the end
23:20:22:798  INFO 4508 --- [SpringApplicationShutdownHook] c.a.c.n.registry.NacosServiceRegistry    : De-registering from Nacos Server now...
23:20:22:799  INFO 4508 --- [SpringApplicationShutdownHook] c.a.c.n.registry.NacosServiceRegistry    : De-registration finished.
23:20:23:132  INFO 4508 --- [SpringApplicationShutdownHook] com.alibaba.nacos.common.remote.client   : Shutdown rpc client, set status to shutdown
23:20:23:132  INFO 4508 --- [SpringApplicationShutdownHook] com.alibaba.nacos.common.remote.client   : Shutdown client event executor java.util.concurrent.ScheduledThreadPoolExecutor@24a02bdc[Running, pool size = 2, active threads = 2, queued tasks = 0, completed tasks = 0]
23:20:23:132  INFO 4508 --- [SpringApplicationShutdownHook] com.alibaba.nacos.common.remote.client   : Close current connection 1715172929925_127.0.0.1_1302
23:20:23:133  INFO 4508 --- [nacos-grpc-client-executor-1757] c.a.n.c.remote.client.grpc.GrpcClient    : [1715172929925_127.0.0.1_1302]Ignore complete event,isRunning:false,isAbandon=false
23:20:23:136  INFO 4508 --- [SpringApplicationShutdownHook] c.a.n.c.remote.client.grpc.GrpcClient    : Shutdown grpc executor java.util.concurrent.ThreadPoolExecutor@649cd880[Running, pool size = 5, active threads = 0, queued tasks = 0, completed tasks = 1758]
